#
# There is insufficient memory for the Java Runtime Environment to continue.
# Native memory allocation (malloc) failed to allocate 32744 bytes for ChunkPool::allocate
# Possible reasons:
#   The system is out of physical RAM or swap space
#   In 32 bit mode, the process size limit was hit
# Possible solutions:
#   Reduce memory load on the system
#   Increase physical memory or swap space
#   Check if swap backing store is full
#   Use 64 bit Java on a 64 bit OS
#   Decrease Java heap size (-Xmx/-Xms)
#   Decrease number of Java threads
#   Decrease Java thread stack sizes (-Xss)
#   Set larger code cache with -XX:ReservedCodeCacheSize=
# This output file may be truncated or incomplete.
#
#  Out of Memory Error (allocation.cpp:273), pid=242636, tid=0x0000000000041b50
#
# JRE version: Java(TM) SE Runtime Environment (8.0_152-b16) (build 1.8.0_152-b16)
# Java VM: Java HotSpot(TM) 64-Bit Server VM (25.152-b16 mixed mode windows-amd64 compressed oops)
# Failed to write core dump. Minidumps are not enabled by default on client versions of Windows
#

---------------  T H R E A D  ---------------

Current thread (0x0000000018c8f000):  JavaThread "C2 CompilerThread1" daemon [_thread_in_native, id=269136, stack(0x0000000019340000,0x0000000019440000)]

Stack: [0x0000000019340000,0x0000000019440000]
[error occurred during error reporting (printing stack bounds), id 0xc0000005]

Native frames: (J=compiled Java code, j=interpreted, Vv=VM code, C=native code)


Current CompileTask:
C2:  36401 7463       4       org.gradle.internal.reflect.MethodSet::add (50 bytes)


---------------  P R O C E S S  ---------------

Java Threads: ( => current thread )
  0x000000001b380000 JavaThread "Memory manager" [_thread_blocked, id=268364, stack(0x0000000026570000,0x0000000026670000)]
  0x000000001b377000 JavaThread "Cache worker for Build Output Cleanup Cache (D:\work\ideaworkspace\study\spring-framework-master\buildSrc\.gradle\buildOutputCleanup)" [_thread_blocked, id=245384, stack(0x0000000026470000,0x0000000026570000)]
  0x000000001b386000 JavaThread "Exec process Thread 3" daemon [_thread_blocked, id=258716, stack(0x0000000025f70000,0x0000000026070000)]
  0x000000001b385800 JavaThread "Exec process Thread 2" daemon [_thread_blocked, id=252804, stack(0x0000000025e70000,0x0000000025f70000)]
  0x000000001b384800 JavaThread "Exec process" daemon [_thread_blocked, id=259092, stack(0x0000000025d70000,0x0000000025e70000)]
  0x000000001b384000 JavaThread "gradle-enterprise-background-0" daemon [_thread_blocked, id=112816, stack(0x0000000025c70000,0x0000000025d70000)]
  0x000000001b37c800 JavaThread "gradle-enterprise-worker-0" [_thread_blocked, id=144696, stack(0x0000000025970000,0x0000000025a70000)]
  0x000000001b381800 JavaThread "Build operations Thread 5" [_thread_blocked, id=267676, stack(0x0000000025870000,0x0000000025970000)]
  0x000000001b382800 JavaThread "Build operations Thread 4" [_thread_blocked, id=201392, stack(0x0000000025770000,0x0000000025870000)]
  0x000000001b383000 JavaThread "Build operations Thread 3" [_thread_blocked, id=194664, stack(0x0000000025670000,0x0000000025770000)]
  0x000000001b37f800 JavaThread "Build operations Thread 2" [_thread_blocked, id=106768, stack(0x0000000025570000,0x0000000025670000)]
  0x000000001b378800 JavaThread "Build operations" [_thread_blocked, id=250588, stack(0x00000000017a0000,0x00000000018a0000)]
  0x000000001b379800 JavaThread "Cache worker for file content cache (C:\Users\user\.gradle\caches\6.8.3\fileContent)" [_thread_blocked, id=244072, stack(0x0000000023590000,0x0000000023690000)]
  0x000000001b37e000 JavaThread "Cache worker for execution history cache (C:\Users\user\.gradle\caches\6.8.3\executionHistory)" [_thread_blocked, id=247676, stack(0x0000000022c90000,0x0000000022d90000)]
  0x000000001db84000 JavaThread "Cache worker for cache directory md-rule (C:\Users\user\.gradle\caches\6.8.3\md-rule)" [_thread_blocked, id=221972, stack(0x0000000022b90000,0x0000000022c90000)]
  0x000000001db82000 JavaThread "Cache worker for cache directory md-supplier (C:\Users\user\.gradle\caches\6.8.3\md-supplier)" [_thread_blocked, id=227404, stack(0x0000000022790000,0x0000000022890000)]
  0x000000001db83800 JavaThread "Cache worker for checksums cache (D:\work\ideaworkspace\study\spring-framework-master\.gradle\checksums)" [_thread_blocked, id=160372, stack(0x0000000022690000,0x0000000022790000)]
  0x000000001db82800 JavaThread "jar transforms Thread 25" [_thread_blocked, id=33748, stack(0x0000000022a90000,0x0000000022b90000)]
  0x000000001db7a800 JavaThread "jar transforms Thread 24" [_thread_blocked, id=155528, stack(0x0000000022140000,0x0000000022240000)]
  0x000000001db81000 JavaThread "jar transforms Thread 23" [_thread_blocked, id=388644, stack(0x0000000022040000,0x0000000022140000)]
  0x000000001db7d800 JavaThread "jar transforms Thread 22" [_thread_blocked, id=148228, stack(0x0000000021f40000,0x0000000022040000)]
  0x000000001db7c800 JavaThread "jar transforms Thread 21" [_thread_blocked, id=253820, stack(0x0000000021d40000,0x0000000021e40000)]
  0x000000001db80800 JavaThread "jar transforms Thread 20" [_thread_blocked, id=44736, stack(0x0000000021c40000,0x0000000021d40000)]
  0x000000001db7b000 JavaThread "jar transforms Thread 19" [_thread_blocked, id=212932, stack(0x0000000021b40000,0x0000000021c40000)]
  0x000000001db7f800 JavaThread "jar transforms Thread 18" [_thread_blocked, id=226140, stack(0x0000000021a40000,0x0000000021b40000)]
  0x000000001db7e000 JavaThread "jar transforms Thread 17" [_thread_blocked, id=241688, stack(0x0000000021840000,0x0000000021940000)]
  0x000000001db7f000 JavaThread "jar transforms Thread 16" [_thread_blocked, id=209844, stack(0x0000000022390000,0x0000000022490000)]
  0x000000001db75000 JavaThread "jar transforms Thread 15" [_thread_blocked, id=240544, stack(0x0000000022290000,0x0000000022390000)]
  0x000000001db76000 JavaThread "jar transforms Thread 14" [_thread_blocked, id=256068, stack(0x0000000021e40000,0x0000000021f40000)]
  0x000000001db76800 JavaThread "jar transforms Thread 13" [_thread_blocked, id=242760, stack(0x0000000021550000,0x0000000021650000)]
  0x000000001db79000 JavaThread "jar transforms Thread 12" [_thread_blocked, id=246612, stack(0x0000000021450000,0x0000000021550000)]
  0x000000001db7c000 JavaThread "jar transforms Thread 11" [_thread_blocked, id=219848, stack(0x0000000021350000,0x0000000021450000)]
  0x000000001db79800 JavaThread "jar transforms Thread 10" [_thread_blocked, id=237828, stack(0x0000000021250000,0x0000000021350000)]
  0x000000001db77800 JavaThread "jar transforms Thread 9" [_thread_blocked, id=240556, stack(0x0000000021150000,0x0000000021250000)]
  0x000000001db78000 JavaThread "jar transforms Thread 8" [_thread_blocked, id=200516, stack(0x0000000021740000,0x0000000021840000)]
  0x000000001db74800 JavaThread "jar transforms Thread 7" [_thread_blocked, id=198732, stack(0x0000000020dd0000,0x0000000020ed0000)]
  0x000000001b606000 JavaThread "jar transforms Thread 6" [_thread_blocked, id=251140, stack(0x0000000020cd0000,0x0000000020dd0000)]
  0x000000001b605000 JavaThread "jar transforms Thread 5" [_thread_blocked, id=227952, stack(0x0000000020bd0000,0x0000000020cd0000)]
  0x000000001b604000 JavaThread "jar transforms Thread 4" [_thread_blocked, id=90336, stack(0x0000000020ad0000,0x0000000020bd0000)]
  0x000000001b608000 JavaThread "jar transforms Thread 3" [_thread_blocked, id=152520, stack(0x000000001f950000,0x000000001fa50000)]
  0x000000001b607800 JavaThread "jar transforms Thread 2" [_thread_blocked, id=223360, stack(0x000000001f850000,0x000000001f950000)]
  0x000000001b60b000 JavaThread "jar transforms" [_thread_blocked, id=245948, stack(0x000000001f750000,0x000000001f850000)]
  0x000000001b60a800 JavaThread "Cache worker for file hash cache (D:\work\ideaworkspace\study\spring-framework-master\.gradle\6.8.3\fileHashes)" [_thread_blocked, id=223092, stack(0x000000001f650000,0x000000001f750000)]
  0x000000001b609800 JavaThread "Cache worker for journal cache (C:\Users\user\.gradle\caches\journal-1)" [_thread_blocked, id=238488, stack(0x000000001d5b0000,0x000000001d6b0000)]
  0x000000001b609000 JavaThread "File lock request listener" [_thread_in_native, id=257060, stack(0x000000001d2b0000,0x000000001d3b0000)]
  0x000000001b606800 JavaThread "Cache worker for file hash cache (C:\Users\user\.gradle\caches\6.8.3\fileHashes)" [_thread_blocked, id=246496, stack(0x000000001d1b0000,0x000000001d2b0000)]
  0x000000001b156800 JavaThread "Daemon client event forwarder" [_thread_blocked, id=256644, stack(0x000000001ceb0000,0x000000001cfb0000)]
  0x000000001b1e7800 JavaThread "Stdin handler" [_thread_blocked, id=52456, stack(0x000000001cdb0000,0x000000001ceb0000)]
  0x000000001b15d800 JavaThread "Asynchronous log dispatcher for DefaultDaemonConnection: socket connection from /127.0.0.1:53257 to /127.0.0.1:53258" [_thread_blocked, id=253428, stack(0x000000001ccb0000,0x000000001cdb0000)]
  0x000000001b160800 JavaThread "Daemon worker" [_thread_blocked, id=233400, stack(0x000000001cbb0000,0x000000001ccb0000)]
  0x000000001b1e3800 JavaThread "Cancel handler" [_thread_blocked, id=253760, stack(0x000000001cab0000,0x000000001cbb0000)]
  0x000000001b161800 JavaThread "Handler for socket connection from /127.0.0.1:53257 to /127.0.0.1:53258" [_thread_in_native, id=264560, stack(0x000000001c9b0000,0x000000001cab0000)]
  0x000000001b0ee800 JavaThread "Daemon" [_thread_blocked, id=222488, stack(0x000000001c8b0000,0x000000001c9b0000)]
  0x000000001b0e2000 JavaThread "Daemon periodic checks" [_thread_blocked, id=138012, stack(0x000000001c5b0000,0x000000001c6b0000)]
  0x000000001b0db000 JavaThread "Incoming local TCP Connector on port 53257" [_thread_in_native, id=237056, stack(0x000000001c400000,0x000000001c500000)]
  0x000000001aff6800 JavaThread "Daemon health stats" [_thread_blocked, id=246804, stack(0x000000001c0e0000,0x000000001c1e0000)]
  0x0000000018d14000 JavaThread "Service Thread" daemon [_thread_blocked, id=225860, stack(0x0000000019540000,0x0000000019640000)]
  0x0000000018c95800 JavaThread "C1 CompilerThread2" daemon [_thread_blocked, id=252300, stack(0x0000000019440000,0x0000000019540000)]
=>0x0000000018c8f000 JavaThread "C2 CompilerThread1" daemon [_thread_in_native, id=269136, stack(0x0000000019340000,0x0000000019440000)]
  0x00000000172c1800 JavaThread "C2 CompilerThread0" daemon [_thread_blocked, id=246908, stack(0x0000000019240000,0x0000000019340000)]
  0x00000000172ce800 JavaThread "Attach Listener" daemon [_thread_blocked, id=266104, stack(0x0000000019140000,0x0000000019240000)]
  0x00000000172cd800 JavaThread "Signal Dispatcher" daemon [_thread_blocked, id=229332, stack(0x0000000019040000,0x0000000019140000)]
  0x00000000172a0800 JavaThread "Finalizer" daemon [_thread_blocked, id=88788, stack(0x0000000018b30000,0x0000000018c30000)]
  0x00000000036f6000 JavaThread "Reference Handler" daemon [_thread_blocked, id=224864, stack(0x0000000018a30000,0x0000000018b30000)]
  0x00000000034fd800 JavaThread "main" [_thread_blocked, id=233796, stack(0x0000000003500000,0x0000000003600000)]

Other Threads:
  0x0000000017277800 VMThread [stack: 0x0000000018930000,0x0000000018a30000] [id=258016]
  0x0000000018d30800 WatcherThread [stack: 0x0000000019640000,0x0000000019740000] [id=274416]

VM state:at safepoint (normal execution)

VM Mutex/Monitor currently owned by a thread:  ([mutex/lock_event])
[0x00000000034fca20] Threads_lock - owner thread: 0x0000000017277800

Heap:
 PSYoungGen      total 442368K, used 78345K [0x00000000e0000000, 0x00000000fbf00000, 0x0000000100000000)
  eden space 428544K, 18% used [0x00000000e0000000,0x00000000e4c82598,0x00000000fa280000)
  from space 13824K, 0% used [0x00000000fa400000,0x00000000fa400000,0x00000000fb180000)
  to   space 6144K, 0% used [0x00000000fb900000,0x00000000fb900000,0x00000000fbf00000)
 ParOldGen       total 168960K, used 37236K [0x00000000a0000000, 0x00000000aa500000, 0x00000000e0000000)
  object space 168960K, 22% used [0x00000000a0000000,0x00000000a245d040,0x00000000aa500000)
 Metaspace       used 59038K, capacity 62886K, committed 62936K, reserved 1103872K
  class space    used 8218K, capacity 8932K, committed 8960K, reserved 1048576K

Card table byte_map: [0x0000000012ac0000,0x0000000012dd0000] byte_map_base: 0x00000000125c0000

Marking Bits: (ParMarkBitMap*) 0x00000000612f0860
 Begin Bits: [0x00000000135d0000, 0x0000000014dd0000)
 End Bits:   [0x0000000014dd0000, 0x00000000165d0000)

Polling page: 0x0000000003070000

CodeCache: size=245760Kb used=22931Kb max_used=23250Kb free=222828Kb
 bounds [0x0000000003700000, 0x0000000004de0000, 0x0000000012700000]
 total_blobs=6820 nmethods=5976 adapters=755
 compilation: enabled

Compilation events (10 events):
Event: 36.391 Thread 0x0000000018c95800 7471   !   3       com.sun.proxy.$Proxy44::annotationType (29 bytes)
Event: 36.391 Thread 0x0000000018c95800 nmethod 7471 0x0000000003b28b10 code [0x0000000003b28ca0, 0x0000000003b290d8]
Event: 36.392 Thread 0x0000000018c95800 7472       3       org.gradle.internal.instantiation.generator.AbstractClassGenerator$ExtensibleTypePropertyHandler::applyTo (228 bytes)
Event: 36.393 Thread 0x0000000018c95800 nmethod 7472 0x00000000039798d0 code [0x0000000003979c40, 0x000000000397b988]
Event: 36.393 Thread 0x0000000018c95800 7473       3       java.util.TreeMap::put (247 bytes)
Event: 36.394 Thread 0x0000000018c95800 nmethod 7473 0x0000000003844bd0 code [0x0000000003844e40, 0x0000000003846018]
Event: 36.394 Thread 0x0000000018c95800 7474       3       java.util.TreeMap$Entry::<init> (25 bytes)
Event: 36.394 Thread 0x0000000018c95800 nmethod 7474 0x0000000003d98790 code [0x0000000003d988e0, 0x0000000003d98ad0]
Event: 36.396 Thread 0x0000000018c95800 7475       3       org.gradle.internal.instantiation.generator.AbstractClassGenerator$PropertyMetadata::addSetter (41 bytes)
Event: 36.397 Thread 0x0000000018c95800 nmethod 7475 0x000000000394cfd0 code [0x000000000394d160, 0x000000000394d7f8]

GC Heap History (10 events):
Event: 17.103 GC heap before
{Heap before GC invocations=20 (full 2):
 PSYoungGen      total 380928K, used 367793K [0x00000000e0000000, 0x00000000fc780000, 0x0000000100000000)
  eden space 364544K, 100% used [0x00000000e0000000,0x00000000f6400000,0x00000000f6400000)
  from space 16384K, 19% used [0x00000000f6400000,0x00000000f672c6a8,0x00000000f7400000)
  to   space 14848K, 0% used [0x00000000fb900000,0x00000000fb900000,0x00000000fc780000)
 ParOldGen       total 123904K, used 32392K [0x00000000a0000000, 0x00000000a7900000, 0x00000000e0000000)
  object space 123904K, 26% used [0x00000000a0000000,0x00000000a1fa2248,0x00000000a7900000)
 Metaspace       used 37275K, capacity 38778K, committed 39000K, reserved 1083392K
  class space    used 5130K, capacity 5435K, committed 5504K, reserved 1048576K
Event: 17.108 GC heap after
Heap after GC invocations=20 (full 2):
 PSYoungGen      total 434688K, used 5970K [0x00000000e0000000, 0x00000000fbf00000, 0x0000000100000000)
  eden space 428544K, 0% used [0x00000000e0000000,0x00000000e0000000,0x00000000fa280000)
  from space 6144K, 97% used [0x00000000fb900000,0x00000000fbed4970,0x00000000fbf00000)
  to   space 13824K, 0% used [0x00000000fa400000,0x00000000fa400000,0x00000000fb180000)
 ParOldGen       total 123904K, used 33360K [0x00000000a0000000, 0x00000000a7900000, 0x00000000e0000000)
  object space 123904K, 26% used [0x00000000a0000000,0x00000000a2094268,0x00000000a7900000)
 Metaspace       used 37275K, capacity 38778K, committed 39000K, reserved 1083392K
  class space    used 5130K, capacity 5435K, committed 5504K, reserved 1048576K
}
Event: 20.552 GC heap before
{Heap before GC invocations=21 (full 2):
 PSYoungGen      total 434688K, used 434514K [0x00000000e0000000, 0x00000000fbf00000, 0x0000000100000000)
  eden space 428544K, 100% used [0x00000000e0000000,0x00000000fa280000,0x00000000fa280000)
  from space 6144K, 97% used [0x00000000fb900000,0x00000000fbed4970,0x00000000fbf00000)
  to   space 13824K, 0% used [0x00000000fa400000,0x00000000fa400000,0x00000000fb180000)
 ParOldGen       total 123904K, used 33360K [0x00000000a0000000, 0x00000000a7900000, 0x00000000e0000000)
  object space 123904K, 26% used [0x00000000a0000000,0x00000000a2094268,0x00000000a7900000)
 Metaspace       used 41161K, capacity 43048K, committed 43096K, reserved 1087488K
  class space    used 5549K, capacity 5970K, committed 6016K, reserved 1048576K
Event: 20.558 GC heap after
Heap after GC invocations=21 (full 2):
 PSYoungGen      total 442368K, used 7100K [0x00000000e0000000, 0x00000000fbf00000, 0x0000000100000000)
  eden space 428544K, 0% used [0x00000000e0000000,0x00000000e0000000,0x00000000fa280000)
  from space 13824K, 51% used [0x00000000fa400000,0x00000000faaef0b8,0x00000000fb180000)
  to   space 6144K, 0% used [0x00000000fb900000,0x00000000fb900000,0x00000000fbf00000)
 ParOldGen       total 123904K, used 33360K [0x00000000a0000000, 0x00000000a7900000, 0x00000000e0000000)
  object space 123904K, 26% used [0x00000000a0000000,0x00000000a2094268,0x00000000a7900000)
 Metaspace       used 41161K, capacity 43048K, committed 43096K, reserved 1087488K
  class space    used 5549K, capacity 5970K, committed 6016K, reserved 1048576K
}
Event: 35.580 GC heap before
{Heap before GC invocations=22 (full 2):
 PSYoungGen      total 442368K, used 290760K [0x00000000e0000000, 0x00000000fbf00000, 0x0000000100000000)
  eden space 428544K, 66% used [0x00000000e0000000,0x00000000f1502fd0,0x00000000fa280000)
  from space 13824K, 51% used [0x00000000fa400000,0x00000000faaef0b8,0x00000000fb180000)
  to   space 6144K, 0% used [0x00000000fb900000,0x00000000fb900000,0x00000000fbf00000)
 ParOldGen       total 123904K, used 33360K [0x00000000a0000000, 0x00000000a7900000, 0x00000000e0000000)
  object space 123904K, 26% used [0x00000000a0000000,0x00000000a2094268,0x00000000a7900000)
 Metaspace       used 55629K, capacity 58908K, committed 59224K, reserved 1099776K
  class space    used 7620K, capacity 8223K, committed 8320K, reserved 1048576K
Event: 35.593 GC heap after
Heap after GC invocations=22 (full 2):
 PSYoungGen      total 434688K, used 6112K [0x00000000e0000000, 0x00000000fbf00000, 0x0000000100000000)
  eden space 428544K, 0% used [0x00000000e0000000,0x00000000e0000000,0x00000000fa280000)
  from space 6144K, 99% used [0x00000000fb900000,0x00000000fbef8030,0x00000000fbf00000)
  to   space 13824K, 0% used [0x00000000fa400000,0x00000000fa400000,0x00000000fb180000)
 ParOldGen       total 123904K, used 51017K [0x00000000a0000000, 0x00000000a7900000, 0x00000000e0000000)
  object space 123904K, 41% used [0x00000000a0000000,0x00000000a31d2798,0x00000000a7900000)
 Metaspace       used 55629K, capacity 58908K, committed 59224K, reserved 1099776K
  class space    used 7620K, capacity 8223K, committed 8320K, reserved 1048576K
}
Event: 35.634 GC heap before
{Heap before GC invocations=23 (full 2):
 PSYoungGen      total 434688K, used 15061K [0x00000000e0000000, 0x00000000fbf00000, 0x0000000100000000)
  eden space 428544K, 2% used [0x00000000e0000000,0x00000000e08bd7c8,0x00000000fa280000)
  from space 6144K, 99% used [0x00000000fb900000,0x00000000fbef8030,0x00000000fbf00000)
  to   space 13824K, 0% used [0x00000000fa400000,0x00000000fa400000,0x00000000fb180000)
 ParOldGen       total 123904K, used 51017K [0x00000000a0000000, 0x00000000a7900000, 0x00000000e0000000)
  object space 123904K, 41% used [0x00000000a0000000,0x00000000a31d2798,0x00000000a7900000)
 Metaspace       used 55987K, capacity 59202K, committed 59352K, reserved 1099776K
  class space    used 7682K, capacity 8321K, committed 8448K, reserved 1048576K
Event: 35.640 GC heap after
Heap after GC invocations=23 (full 2):
 PSYoungGen      total 442368K, used 4784K [0x00000000e0000000, 0x00000000fbf00000, 0x0000000100000000)
  eden space 428544K, 0% used [0x00000000e0000000,0x00000000e0000000,0x00000000fa280000)
  from space 13824K, 34% used [0x00000000fa400000,0x00000000fa8ac030,0x00000000fb180000)
  to   space 6144K, 0% used [0x00000000fb900000,0x00000000fb900000,0x00000000fbf00000)
 ParOldGen       total 123904K, used 52872K [0x00000000a0000000, 0x00000000a7900000, 0x00000000e0000000)
  object space 123904K, 42% used [0x00000000a0000000,0x00000000a33a2028,0x00000000a7900000)
 Metaspace       used 55987K, capacity 59202K, committed 59352K, reserved 1099776K
  class space    used 7682K, capacity 8321K, committed 8448K, reserved 1048576K
}
Event: 35.640 GC heap before
{Heap before GC invocations=24 (full 3):
 PSYoungGen      total 442368K, used 4784K [0x00000000e0000000, 0x00000000fbf00000, 0x0000000100000000)
  eden space 428544K, 0% used [0x00000000e0000000,0x00000000e0000000,0x00000000fa280000)
  from space 13824K, 34% used [0x00000000fa400000,0x00000000fa8ac030,0x00000000fb180000)
  to   space 6144K, 0% used [0x00000000fb900000,0x00000000fb900000,0x00000000fbf00000)
 ParOldGen       total 123904K, used 52872K [0x00000000a0000000, 0x00000000a7900000, 0x00000000e0000000)
  object space 123904K, 42% used [0x00000000a0000000,0x00000000a33a2028,0x00000000a7900000)
 Metaspace       used 55987K, capacity 59202K, committed 59352K, reserved 1099776K
  class space    used 7682K, capacity 8321K, committed 8448K, reserved 1048576K
Event: 35.797 GC heap after
Heap after GC invocations=24 (full 3):
 PSYoungGen      total 442368K, used 0K [0x00000000e0000000, 0x00000000fbf00000, 0x0000000100000000)
  eden space 428544K, 0% used [0x00000000e0000000,0x00000000e0000000,0x00000000fa280000)
  from space 13824K, 0% used [0x00000000fa400000,0x00000000fa400000,0x00000000fb180000)
  to   space 6144K, 0% used [0x00000000fb900000,0x00000000fb900000,0x00000000fbf00000)
 ParOldGen       total 168960K, used 37236K [0x00000000a0000000, 0x00000000aa500000, 0x00000000e0000000)
  object space 168960K, 22% used [0x00000000a0000000,0x00000000a245d040,0x00000000aa500000)
 Metaspace       used 55873K, capacity 58928K, committed 59352K, reserved 1099776K
  class space    used 7650K, capacity 8283K, committed 8448K, reserved 1048576K
}

Deoptimization events (10 events):
Event: 36.228 Thread 0x000000001b160800 Uncommon trap: reason=unstable_if action=reinterpret pc=0x0000000004ccf838 method=java.util.HashMap.getNode(ILjava/lang/Object;)Ljava/util/HashMap$Node; @ 84
Event: 36.228 Thread 0x000000001b160800 Uncommon trap: reason=unstable_if action=reinterpret pc=0x0000000004cba40c method=java.util.HashMap.putVal(ILjava/lang/Object;Ljava/lang/Object;ZZ)Ljava/lang/Object; @ 109
Event: 36.228 Thread 0x000000001b160800 Uncommon trap: reason=unstable_if action=reinterpret pc=0x0000000003a2b8f4 method=java.util.HashMap.resize()[Ljava/util/HashMap$Node; @ 206
Event: 36.237 Thread 0x000000001b160800 Uncommon trap: reason=array_check action=maybe_recompile pc=0x0000000004cf9910 method=java.util.AbstractCollection.toArray([Ljava/lang/Object;)[Ljava/lang/Object; @ 119
Event: 36.333 Thread 0x000000001b160800 Uncommon trap: reason=class_check action=maybe_recompile pc=0x0000000004db4288 method=java.util.Spliterators.spliterator(Ljava/util/Collection;I)Ljava/util/Spliterator; @ 8
Event: 36.333 Thread 0x000000001b160800 Uncommon trap: reason=class_check action=maybe_recompile pc=0x0000000004db4288 method=java.util.Spliterators.spliterator(Ljava/util/Collection;I)Ljava/util/Spliterator; @ 8
Event: 36.333 Thread 0x000000001b160800 Uncommon trap: reason=class_check action=maybe_recompile pc=0x0000000004db4288 method=java.util.Spliterators.spliterator(Ljava/util/Collection;I)Ljava/util/Spliterator; @ 8
Event: 36.345 Thread 0x000000001b160800 Uncommon trap: reason=class_check action=maybe_recompile pc=0x0000000004db4288 method=java.util.Spliterators.spliterator(Ljava/util/Collection;I)Ljava/util/Spliterator; @ 8
Event: 36.367 Thread 0x000000001b160800 Uncommon trap: reason=unstable_if action=reinterpret pc=0x0000000004440d40 method=org.objectweb.asm.Frame.push(Lorg/objectweb/asm/SymbolTable;Ljava/lang/String;)V @ 42
Event: 36.391 Thread 0x000000001b160800 Uncommon trap: reason=unstable_if action=reinterpret pc=0x0000000004bfef34 method=java.util.TreeMap.put(Ljava/lang/Object;Ljava/lang/Object;)Ljava/lang/Object; @ 163

Classes redefined (0 events):
No events

Internal exceptions (10 events):
Event: 36.176 Thread 0x000000001b160800 Exception <a 'java/lang/ClassNotFoundException': org/gradle/api/internal/FactoryNamedDomainObjectContainerBeanInfo> (0x00000000e2c04830) thrown at [C:\re\workspace\8-2-build-windows-amd64-cygwin\jdk8u152\9742\hotspot\src\share\vm\classfile\systemDictionar
Event: 36.176 Thread 0x000000001b160800 Exception <a 'java/lang/ClassNotFoundException': org/gradle/api/internal/AbstractNamedDomainObjectContainerBeanInfo> (0x00000000e2c41ee0) thrown at [C:\re\workspace\8-2-build-windows-amd64-cygwin\jdk8u152\9742\hotspot\src\share\vm\classfile\systemDictiona
Event: 36.177 Thread 0x000000001b160800 Exception <a 'java/lang/ClassNotFoundException': org/gradle/api/internal/DefaultNamedDomainObjectSetBeanInfo> (0x00000000e2c7d1a8) thrown at [C:\re\workspace\8-2-build-windows-amd64-cygwin\jdk8u152\9742\hotspot\src\share\vm\classfile\systemDictionary.cpp,
Event: 36.177 Thread 0x000000001b160800 Exception <a 'java/lang/ClassNotFoundException': org/gradle/api/internal/DefaultNamedDomainObjectSetCustomizer> (0x00000000e2cb90e8) thrown at [C:\re\workspace\8-2-build-windows-amd64-cygwin\jdk8u152\9742\hotspot\src\share\vm\classfile\systemDictionary.cp
Event: 36.178 Thread 0x000000001b160800 Exception <a 'java/lang/ClassNotFoundException': org/gradle/api/internal/AbstractNamedDomainObjectContainerCustomizer> (0x00000000e2d13718) thrown at [C:\re\workspace\8-2-build-windows-amd64-cygwin\jdk8u152\9742\hotspot\src\share\vm\classfile\systemDictio
Event: 36.179 Thread 0x000000001b160800 Exception <a 'java/lang/ClassNotFoundException': org/gradle/api/internal/FactoryNamedDomainObjectContainerCustomizer> (0x00000000e2d6bfc0) thrown at [C:\re\workspace\8-2-build-windows-amd64-cygwin\jdk8u152\9742\hotspot\src\share\vm\classfile\systemDiction
Event: 36.179 Thread 0x000000001b160800 Exception <a 'java/lang/ClassNotFoundException': org/gradle/api/internal/FactoryNamedDomainObjectContainer_DecoratedCustomizer> (0x00000000e2dbba40) thrown at [C:\re\workspace\8-2-build-windows-amd64-cygwin\jdk8u152\9742\hotspot\src\share\vm\classfile\sys
Event: 36.183 Thread 0x000000001b160800 Exception <a 'java/lang/ClassNotFoundException': org/gradle/plugin/devel/PluginDeclarationBeanInfo> (0x00000000e2e971e8) thrown at [C:\re\workspace\8-2-build-windows-amd64-cygwin\jdk8u152\9742\hotspot\src\share\vm\classfile\systemDictionary.cpp, line 210]
Event: 36.183 Thread 0x000000001b160800 Exception <a 'java/lang/ClassNotFoundException': org/gradle/plugin/devel/PluginDeclarationCustomizer> (0x00000000e2edf9e8) thrown at [C:\re\workspace\8-2-build-windows-amd64-cygwin\jdk8u152\9742\hotspot\src\share\vm\classfile\systemDictionary.cpp, line 21
Event: 36.224 Thread 0x000000001b160800 Exception <a 'java/lang/NoSuchMethodError': java.lang.Object.lambda$static$0(Lorg/gradle/api/internal/tasks/TaskDependencyResolveContext;)V> (0x00000000e33a6d98) thrown at [C:\re\workspace\8-2-build-windows-amd64-cygwin\jdk8u152\9742\hotspot\src\share\vm\

Events (10 events):
Event: 36.396 Executing VM operation: RevokeBias done
Event: 36.396 Executing VM operation: RevokeBias
Event: 36.396 Executing VM operation: RevokeBias done
Event: 36.396 Executing VM operation: RevokeBias
Event: 36.396 Executing VM operation: RevokeBias done
Event: 36.396 Executing VM operation: RevokeBias
Event: 36.397 Executing VM operation: RevokeBias done
Event: 36.397 Executing VM operation: RevokeBias
Event: 36.397 Executing VM operation: RevokeBias done
Event: 36.397 Executing VM operation: BulkRevokeBias


Dynamic libraries:
0x00007ff6362e0000 - 0x00007ff636317000 	D:\work\jdk\jdk1.8.0_152\bin\java.exe
0x00007ffbc11c0000 - 0x00007ffbc13b0000 	C:\WINDOWS\SYSTEM32\ntdll.dll
0x00007ffbbf5d0000 - 0x00007ffbbf682000 	C:\WINDOWS\System32\KERNEL32.DLL
0x00007ffbbeba0000 - 0x00007ffbbee45000 	C:\WINDOWS\System32\KERNELBASE.dll
0x00007ffbc0460000 - 0x00007ffbc0503000 	C:\WINDOWS\System32\ADVAPI32.dll
0x00007ffbc0b10000 - 0x00007ffbc0bae000 	C:\WINDOWS\System32\msvcrt.dll
0x00007ffbbf430000 - 0x00007ffbbf4c7000 	C:\WINDOWS\System32\sechost.dll
0x00007ffbbf7d0000 - 0x00007ffbbf8ef000 	C:\WINDOWS\System32\RPCRT4.dll
0x00007ffbc02c0000 - 0x00007ffbc0454000 	C:\WINDOWS\System32\USER32.dll
0x00007ffbbef50000 - 0x00007ffbbef71000 	C:\WINDOWS\System32\win32u.dll
0x00007ffbbf530000 - 0x00007ffbbf556000 	C:\WINDOWS\System32\GDI32.dll
0x00007ffbbef80000 - 0x00007ffbbf118000 	C:\WINDOWS\System32\gdi32full.dll
0x00007ffbbf120000 - 0x00007ffbbf1be000 	C:\WINDOWS\System32\msvcp_win.dll
0x00007ffbbee50000 - 0x00007ffbbef4a000 	C:\WINDOWS\System32\ucrtbase.dll
0x00007ffb9b110000 - 0x00007ffb9b394000 	C:\WINDOWS\WinSxS\amd64_microsoft.windows.common-controls_6595b64144ccf1df_6.0.18362.1440_none_9e7dbfb9e45e8e67\COMCTL32.dll
0x00007ffbc0c30000 - 0x00007ffbc0f66000 	C:\WINDOWS\System32\combase.dll
0x00007ffbbe950000 - 0x00007ffbbe9d1000 	C:\WINDOWS\System32\bcryptPrimitives.dll
0x00007ffbc0a80000 - 0x00007ffbc0aae000 	C:\WINDOWS\System32\IMM32.DLL
0x0000000061370000 - 0x0000000061442000 	D:\work\jdk\jdk1.8.0_152\jre\bin\msvcr100.dll
0x0000000060ad0000 - 0x0000000061370000 	D:\work\jdk\jdk1.8.0_152\jre\bin\server\jvm.dll
0x00007ffbc02b0000 - 0x00007ffbc02b8000 	C:\WINDOWS\System32\PSAPI.DLL
0x00007ffbba220000 - 0x00007ffbba229000 	C:\WINDOWS\SYSTEM32\WSOCK32.dll
0x00007ffbbf560000 - 0x00007ffbbf5cf000 	C:\WINDOWS\System32\WS2_32.dll
0x00007ffbb4630000 - 0x00007ffbb4654000 	C:\WINDOWS\SYSTEM32\WINMM.dll
0x00007ffbba790000 - 0x00007ffbba79a000 	C:\WINDOWS\SYSTEM32\VERSION.dll
0x00007ffbb3f60000 - 0x00007ffbb3f8d000 	C:\WINDOWS\SYSTEM32\winmmbase.dll
0x00007ffbbe150000 - 0x00007ffbbe19a000 	C:\WINDOWS\System32\cfgmgr32.dll
0x0000000060ac0000 - 0x0000000060acf000 	D:\work\jdk\jdk1.8.0_152\jre\bin\verify.dll
0x0000000060a90000 - 0x0000000060ab9000 	D:\work\jdk\jdk1.8.0_152\jre\bin\java.dll
0x0000000060a70000 - 0x0000000060a86000 	D:\work\jdk\jdk1.8.0_152\jre\bin\zip.dll
0x00007ffbbf9c0000 - 0x00007ffbc00a8000 	C:\WINDOWS\System32\SHELL32.dll
0x00007ffbc0f70000 - 0x00007ffbc1017000 	C:\WINDOWS\System32\shcore.dll
0x00007ffbbe1d0000 - 0x00007ffbbe94b000 	C:\WINDOWS\System32\windows.storage.dll
0x00007ffbbe110000 - 0x00007ffbbe12e000 	C:\WINDOWS\System32\profapi.dll
0x00007ffbbe080000 - 0x00007ffbbe0ca000 	C:\WINDOWS\System32\powrprof.dll
0x00007ffbbe070000 - 0x00007ffbbe080000 	C:\WINDOWS\System32\UMPDC.dll
0x00007ffbc0ab0000 - 0x00007ffbc0b02000 	C:\WINDOWS\System32\shlwapi.dll
0x00007ffbbe0d0000 - 0x00007ffbbe0e1000 	C:\WINDOWS\System32\kernel.appcore.dll
0x00007ffbbe130000 - 0x00007ffbbe147000 	C:\WINDOWS\System32\cryptsp.dll
0x0000000060a20000 - 0x0000000060a3a000 	D:\work\jdk\jdk1.8.0_152\jre\bin\net.dll
0x00007ffbbd850000 - 0x00007ffbbd8b7000 	C:\WINDOWS\system32\mswsock.dll
0x0000000060a00000 - 0x0000000060a11000 	D:\work\jdk\jdk1.8.0_152\jre\bin\nio.dll
0x00007ffbb56d0000 - 0x00007ffbb56f7000 	C:\Users\user\.gradle\native\fdc75f09e3144964f2cf3f50f0aa648679c211496f362492102eb8c894070792\windows-amd64\native-platform.dll
0x00007ffb83980000 - 0x00007ffb83b16000 	C:\Users\user\.gradle\native\12488b8bf47d2d4c9fbf2f6322a914ad602e24e48041cd04a747c6da556b65c4\windows-amd64\native-platform-file-events.dll
0x00000000609f0000 - 0x00000000609fd000 	D:\work\jdk\jdk1.8.0_152\jre\bin\management.dll
0x00007ffbbd3d0000 - 0x00007ffbbd403000 	C:\WINDOWS\system32\rsaenh.dll
0x00007ffbbe1a0000 - 0x00007ffbbe1c6000 	C:\WINDOWS\System32\bcrypt.dll
0x00007ffbbdf50000 - 0x00007ffbbdf75000 	C:\WINDOWS\SYSTEM32\USERENV.dll
0x00007ffbbda20000 - 0x00007ffbbda2c000 	C:\WINDOWS\SYSTEM32\CRYPTBASE.dll
0x00007ffbbd560000 - 0x00007ffbbd59a000 	C:\WINDOWS\SYSTEM32\IPHLPAPI.DLL
0x00007ffbbf270000 - 0x00007ffbbf278000 	C:\WINDOWS\System32\NSI.dll
0x00007ffbb96b0000 - 0x00007ffbb96c6000 	C:\WINDOWS\SYSTEM32\dhcpcsvc6.DLL
0x00007ffbb9620000 - 0x00007ffbb963c000 	C:\WINDOWS\SYSTEM32\dhcpcsvc.DLL
0x00007ffbbd5a0000 - 0x00007ffbbd66b000 	C:\WINDOWS\SYSTEM32\DNSAPI.dll
0x00007ffbb96e0000 - 0x00007ffbb96eb000 	C:\WINDOWS\SYSTEM32\WINNSI.DLL
0x00000000609c0000 - 0x00000000609e4000 	D:\work\jdk\jdk1.8.0_152\jre\bin\sunec.dll
0x00000000602c0000 - 0x00000000602cb000 	D:\work\jdk\jdk1.8.0_152\jre\bin\sunmscapi.dll
0x00007ffbbe9e0000 - 0x00007ffbbeb31000 	C:\WINDOWS\System32\CRYPT32.dll
0x00007ffbbe0f0000 - 0x00007ffbbe102000 	C:\WINDOWS\System32\MSASN1.dll
0x00007ffbb80c0000 - 0x00007ffbb80ca000 	C:\Windows\System32\rasadhlp.dll
0x00007ffbb9350000 - 0x00007ffbb93c7000 	C:\WINDOWS\System32\fwpuclnt.dll
0x00007ffbadaa0000 - 0x00007ffbadab6000 	C:\WINDOWS\system32\napinsp.dll
0x00007ffbad630000 - 0x00007ffbad64a000 	C:\WINDOWS\system32\pnrpnsp.dll
0x00007ffbad5d0000 - 0x00007ffbad5e5000 	C:\WINDOWS\system32\wshbth.dll
0x00007ffbba040000 - 0x00007ffbba05c000 	C:\WINDOWS\system32\NLAapi.dll
0x00007ffbb5700000 - 0x00007ffbb570e000 	C:\WINDOWS\System32\winrnr.dll

VM Arguments:
jvm_args: -Xmx1536M -Dfile.encoding=GBK -Duser.country=CN -Duser.language=zh -Duser.variant 
java_command: org.gradle.launcher.daemon.bootstrap.GradleDaemon 6.8.3
java_class_path (initial): C:\Users\user\.gradle\wrapper\dists\gradle-6.8.3-bin\7ykxq50lst7lb7wx1nijpicxn\gradle-6.8.3\lib\gradle-launcher-6.8.3.jar
Launcher Type: SUN_STANDARD

Environment Variables:
JAVA_HOME=D:\work\jdk\jdk1.8.0_152
CLASSPATH=.;D:\work\jdk\jdk1.8.0_152\lib\dt.jar;D:\work\jdk\jdk1.8.0_152\lib\tools.jar
PATH=D:\work\jdk\jdk1.8.0_152\bin;C:\ProgramData\Oracle\Java\javapath;C:\WINDOWS\system32;C:\WINDOWS;C:\WINDOWS\System32\Wbem;C:\WINDOWS\System32\WindowsPowerShell\v1.0\;C:\WINDOWS\System32\OpenSSH\;D:\work\Maven\apache-maven-3.3.9\bin;D:\work\git\Git\cmd;D:\work\node\nodejs\;C:\Users\user\AppData\Local\Microsoft\WindowsApps;C:\Users\user\AppData\Roaming\npm
USERNAME=user
OS=Windows_NT
PROCESSOR_IDENTIFIER=Intel64 Family 6 Model 158 Stepping 10, GenuineIntel



---------------  S Y S T E M  ---------------

OS: Windows 10.0 , 64 bit Build 18362 (10.0.18362.1350)

CPU:total 6 (initial active 6) (6 cores per cpu, 1 threads per core) family 6 model 158 stepping 10, cmov, cx8, fxsr, mmx, sse, sse2, sse3, ssse3, sse4.1, sse4.2, popcnt, avx, avx2, aes, clmul, erms, 3dnowpref, lzcnt, tsc, tscinvbit, bmi1, bmi2, adx

Memory: 4k page, physical 16637136k(3824492k free), swap 29744588k(3184k free)

vm_info: Java HotSpot(TM) 64-Bit Server VM (25.152-b16) for windows-amd64 JRE (1.8.0_152-b16), built on Sep 14 2017 02:29:36 by "java_re" with MS VC++ 10.0 (VS2010)

time: Tue Apr 13 17:03:03 2021
elapsed time: 36 seconds (0d 0h 0m 36s)

